# JRE version: OpenJDK Runtime Environment (8.0_212-b04) (build 1.8.0_212-release-1586-b04)
# Java VM: OpenJDK 64-Bit Server VM (25.212-b04 mixed mode windows-amd64 compressed oops)
Heap:
 PSYoungGen      total 250880K, used 59348K [0x00000000e0000000, 0x00000000fad00000, 0x0000000100000000)
  eden space 236032K, 18% used [0x00000000e0000000,0x00000000e2b78f90,0x00000000ee680000)
  from space 14848K, 99% used [0x00000000ee680000,0x00000000ef4fc2f0,0x00000000ef500000)
  to   space 23040K, 0% used [0x00000000f9680000,0x00000000f9680000,0x00000000fad00000)
 ParOldGen       total 117760K, used 29835K [0x00000000a0000000, 0x00000000a7300000, 0x00000000e0000000)
  object space 117760K, 25% used [0x00000000a0000000,0x00000000a1d22f28,0x00000000a7300000)
 Metaspace       used 57159K, capacity 58936K, committed 59008K, reserved 1099776K
  class space    used 7858K, capacity 8293K, committed 8320K, reserved 1048576K
GC Heap History (10 events):
Event: 11.298 GC heap before
{Heap before GC invocations=5 (full 1):
 PSYoungGen      total 141824K, used 7733K [0x00000000e0000000, 0x00000000e9500000, 0x0000000100000000)
  eden space 131072K, 0% used [0x00000000e0000000,0x00000000e0000000,0x00000000e8000000)
  from space 10752K, 71% used [0x00000000e8a80000,0x00000000e920d5e8,0x00000000e9500000)
  to   space 10752K, 0% used [0x00000000e8000000,0x00000000e8000000,0x00000000e8a80000)
 ParOldGen       total 175104K, used 1099K [0x00000000a0000000, 0x00000000aab00000, 0x00000000e0000000)
  object space 175104K, 0% used [0x00000000a0000000,0x00000000a0112ff0,0x00000000aab00000)
 Metaspace       used 20733K, capacity 21194K, committed 21296K, reserved 1067008K
  class space    used 2996K, capacity 3161K, committed 3200K, reserved 1048576K
Event: 11.417 GC heap after
Heap after GC invocations=5 (full 1):
 PSYoungGen      total 141824K, used 0K [0x00000000e0000000, 0x00000000e9500000, 0x0000000100000000)
  eden space 131072K, 0% used [0x00000000e0000000,0x00000000e0000000,0x00000000e8000000)
  from space 10752K, 0% used [0x00000000e8a80000,0x00000000e8a80000,0x00000000e9500000)
  to   space 10752K, 0% used [0x00000000e8000000,0x00000000e8000000,0x00000000e8a80000)
 ParOldGen       total 84480K, used 7651K [0x00000000a0000000, 0x00000000a5280000, 0x00000000e0000000)
  object space 84480K, 9% used [0x00000000a0000000,0x00000000a0778ff8,0x00000000a5280000)
 Metaspace       used 20733K, capacity 21194K, committed 21296K, reserved 1067008K
  class space    used 2996K, capacity 3161K, committed 3200K, reserved 1048576K
}
Event: 17.234 GC heap before
{Heap before GC invocations=6 (full 1):
 PSYoungGen      total 141824K, used 131072K [0x00000000e0000000, 0x00000000e9500000, 0x0000000100000000)
  eden space 131072K, 100% used [0x00000000e0000000,0x00000000e8000000,0x00000000e8000000)
  from space 10752K, 0% used [0x00000000e8a80000,0x00000000e8a80000,0x00000000e9500000)
  to   space 10752K, 0% used [0x00000000e8000000,0x00000000e8000000,0x00000000e8a80000)
 ParOldGen       total 84480K, used 7651K [0x00000000a0000000, 0x00000000a5280000, 0x00000000e0000000)
  object space 84480K, 9% used [0x00000000a0000000,0x00000000a0778ff8,0x00000000a5280000)
 Metaspace       used 32038K, capacity 32580K, committed 32896K, reserved 1077248K
  class space    used 4392K, capacity 4623K, committed 4736K, reserved 1048576K
Event: 17.341 GC heap after
Heap after GC invocations=6 (full 1):
 PSYoungGen      total 141824K, used 10736K [0x00000000e0000000, 0x00000000f0600000, 0x0000000100000000)
  eden space 131072K, 0% used [0x00000000e0000000,0x00000000e0000000,0x00000000e8000000)
  from space 10752K, 99% used [0x00000000e8000000,0x00000000e8a7c378,0x00000000e8a80000)
  to   space 14848K, 0% used [0x00000000ef780000,0x00000000ef780000,0x00000000f0600000)
 ParOldGen       total 84480K, used 9516K [0x00000000a0000000, 0x00000000a5280000, 0x00000000e0000000)
  object space 84480K, 11% used [0x00000000a0000000,0x00000000a094b310,0x00000000a5280000)
 Metaspace       used 32038K, capacity 32580K, committed 32896K, reserved 1077248K
  class space    used 4392K, capacity 4623K, committed 4736K, reserved 1048576K
}
Event: 20.588 GC heap before
{Heap before GC invocations=7 (full 1):
 PSYoungGen      total 141824K, used 73270K [0x00000000e0000000, 0x00000000f0600000, 0x0000000100000000)
  eden space 131072K, 47% used [0x00000000e0000000,0x00000000e3d11880,0x00000000e8000000)
  from space 10752K, 99% used [0x00000000e8000000,0x00000000e8a7c378,0x00000000e8a80000)
  to   space 14848K, 0% used [0x00000000ef780000,0x00000000ef780000,0x00000000f0600000)
 ParOldGen       total 84480K, used 9516K [0x00000000a0000000, 0x00000000a5280000, 0x00000000e0000000)
  object space 84480K, 11% used [0x00000000a0000000,0x00000000a094b310,0x00000000a5280000)
 Metaspace       used 34600K, capacity 35360K, committed 35456K, reserved 1079296K
  class space    used 4743K, capacity 4959K, committed 4992K, reserved 1048576K
Event: 20.665 GC heap after
Heap after GC invocations=7 (full 1):
 PSYoungGen      total 248320K, used 10453K [0x00000000e0000000, 0x00000000f0380000, 0x0000000100000000)
  eden space 236032K, 0% used [0x00000000e0000000,0x00000000e0000000,0x00000000ee680000)
  from space 12288K, 85% used [0x00000000ef780000,0x00000000f01b56d0,0x00000000f0380000)
  to   space 14848K, 0% used [0x00000000ee680000,0x00000000ee680000,0x00000000ef500000)
 ParOldGen       total 84480K, used 9524K [0x00000000a0000000, 0x00000000a5280000, 0x00000000e0000000)
  object space 84480K, 11% used [0x00000000a0000000,0x00000000a094d310,0x00000000a5280000)
 Metaspace       used 34600K, capacity 35360K, committed 35456K, reserved 1079296K
  class space    used 4743K, capacity 4959K, committed 4992K, reserved 1048576K
}
Event: 20.665 GC heap before
{Heap before GC invocations=8 (full 2):
 PSYoungGen      total 248320K, used 10453K [0x00000000e0000000, 0x00000000f0380000, 0x0000000100000000)
  eden space 236032K, 0% used [0x00000000e0000000,0x00000000e0000000,0x00000000ee680000)
  from space 12288K, 85% used [0x00000000ef780000,0x00000000f01b56d0,0x00000000f0380000)
  to   space 14848K, 0% used [0x00000000ee680000,0x00000000ee680000,0x00000000ef500000)
 ParOldGen       total 84480K, used 9524K [0x00000000a0000000, 0x00000000a5280000, 0x00000000e0000000)
  object space 84480K, 11% used [0x00000000a0000000,0x00000000a094d310,0x00000000a5280000)
 Metaspace       used 34600K, capacity 35360K, committed 35456K, reserved 1079296K
  class space    used 4743K, capacity 4959K, committed 4992K, reserved 1048576K
Event: 20.884 GC heap after
Heap after GC invocations=8 (full 2):
 PSYoungGen      total 248320K, used 0K [0x00000000e0000000, 0x00000000f0380000, 0x0000000100000000)
  eden space 236032K, 0% used [0x00000000e0000000,0x00000000e0000000,0x00000000ee680000)
  from space 12288K, 0% used [0x00000000ef780000,0x00000000ef780000,0x00000000f0380000)
  to   space 14848K, 0% used [0x00000000ee680000,0x00000000ee680000,0x00000000ef500000)
 ParOldGen       total 117760K, used 17286K [0x00000000a0000000, 0x00000000a7300000, 0x00000000e0000000)
  object space 117760K, 14% used [0x00000000a0000000,0x00000000a10e1bc8,0x00000000a7300000)
 Metaspace       used 34596K, capacity 35348K, committed 35456K, reserved 1079296K
  class space    used 4742K, capacity 4957K, committed 4992K, reserved 1048576K
}
Event: 31.350 GC heap before
{Heap before GC invocations=9 (full 2):
 PSYoungGen      total 248320K, used 236032K [0x00000000e0000000, 0x00000000f0380000, 0x0000000100000000)
  eden space 236032K, 100% used [0x00000000e0000000,0x00000000ee680000,0x00000000ee680000)
  from space 12288K, 0% used [0x00000000ef780000,0x00000000ef780000,0x00000000f0380000)
  to   space 14848K, 0% used [0x00000000ee680000,0x00000000ee680000,0x00000000ef500000)
 ParOldGen       total 117760K, used 17286K [0x00000000a0000000, 0x00000000a7300000, 0x00000000e0000000)
  object space 117760K, 14% used [0x00000000a0000000,0x00000000a10e1bc8,0x00000000a7300000)
 Metaspace       used 55413K, capacity 57082K, committed 57216K, reserved 1097728K
  class space    used 7628K, capacity 8056K, committed 8064K, reserved 1048576K
Event: 31.473 GC heap after
Heap after GC invocations=9 (full 2):
 PSYoungGen      total 250880K, used 14832K [0x00000000e0000000, 0x00000000fad00000, 0x0000000100000000)
  eden space 236032K, 0% used [0x00000000e0000000,0x00000000e0000000,0x00000000ee680000)
  from space 14848K, 99% used [0x00000000ee680000,0x00000000ef4fc2f0,0x00000000ef500000)
  to   space 23040K, 0% used [0x00000000f9680000,0x00000000f9680000,0x00000000fad00000)
 ParOldGen       total 117760K, used 29835K [0x00000000a0000000, 0x00000000a7300000, 0x00000000e0000000)
  object space 117760K, 25% used [0x00000000a0000000,0x00000000a1d22f28,0x00000000a7300000)
 Metaspace       used 55413K, capacity 57082K, committed 57216K, reserved 1097728K
  class space    used 7628K, capacity 8056K, committed 8064K, reserved 1048576K
}

